2018-09-05T06:48:31.662Z - normal: Load ~/.CocosCreator/settings.json
2018-09-05T06:48:31.666Z - normal: checking language setting...
2018-09-05T06:48:31.666Z - normal: Language: zh
2018-09-05T06:48:33.118Z - success: protocol editor-framework registered
2018-09-05T06:48:33.118Z - success: protocol app registered
2018-09-05T06:48:33.118Z - success: protocol theme registered
2018-09-05T06:48:33.119Z - success: protocol packages registered
2018-09-05T06:48:33.119Z - success: protocol unpack registerred
2018-09-05T06:48:33.119Z - success: protocol disable-commonjs registerred
2018-09-05T06:48:34.126Z - normal: connected!
2018-09-05T06:48:34.127Z - normal: Check project C:\Users\Siyu\Desktop\cocos\start_project
2018-09-05T06:48:34.130Z - normal: Initializing project C:\Users\Siyu\Desktop\cocos\start_project
2018-09-05T06:48:34.138Z - normal: Initializing Cocos2d
2018-09-05T06:48:35.759Z - normal: Initializing Asset Database
2018-09-05T06:48:35.849Z - success: protocol uuid registerred
2018-09-05T06:48:35.849Z - success: protocol db registerred
2018-09-05T06:48:35.849Z - success: protocol thumbnail registerred
2018-09-05T06:48:35.849Z - normal: Loading editor/builtin packages
2018-09-05T06:48:35.956Z - success: assets loaded
2018-09-05T06:48:35.958Z - success: builder loaded
2018-09-05T06:48:35.960Z - success: cocos-analytics loaded
2018-09-05T06:48:35.962Z - success: console loaded
2018-09-05T06:48:35.987Z - success: fb-instant-games loaded
2018-09-05T06:48:35.990Z - success: hierarchy loaded
2018-09-05T06:48:35.992Z - success: inspector loaded
2018-09-05T06:48:35.993Z - success: keystore loaded
2018-09-05T06:48:35.996Z - success: node-library loaded
2018-09-05T06:48:35.996Z - success: package-asset loaded
2018-09-05T06:48:35.997Z - success: preferences loaded
2018-09-05T06:48:35.998Z - success: project-exporter loaded
2018-09-05T06:48:36.008Z - success: project-importer loaded
2018-09-05T06:48:36.009Z - success: project-settings loaded
2018-09-05T06:48:36.012Z - success: ui-kit loaded
2018-09-05T06:48:36.013Z - success: scene loaded
2018-09-05T06:48:36.014Z - success: sprite-editor loaded
2018-09-05T06:48:36.016Z - success: store loaded
2018-09-05T06:48:36.018Z - success: timeline loaded
2018-09-05T06:48:36.018Z - normal: Loading builtin packages
2018-09-05T06:48:36.089Z - success: asset-db-debugger loaded
2018-09-05T06:48:36.105Z - success: code-editor loaded
2018-09-05T06:48:36.108Z - success: color-picker loaded
2018-09-05T06:48:36.111Z - success: jsb-adapter loaded
2018-09-05T06:48:36.119Z - success: package-manager loaded
2018-09-05T06:48:36.435Z - success: qqplay-adapter loaded
2018-09-05T06:48:36.452Z - success: sdkbox loaded
2018-09-05T06:48:36.461Z - success: tester loaded
2018-09-05T06:48:36.549Z - success: ui-grid loaded
2018-09-05T06:48:36.556Z - success: ui-kit-preview-extra loaded
2018-09-05T06:48:36.563Z - success: ui-kit-preview loaded
2018-09-05T06:48:36.571Z - success: ui-tree loaded
2018-09-05T06:48:36.574Z - success: weapp-adapter loaded
2018-09-05T06:48:37.313Z - normal: Loading packages
2018-09-05T06:48:37.350Z - normal: Watching packages
2018-09-05T06:48:37.604Z - normal: Run Application
2018-09-05T06:48:39.870Z - success: preview server running at http://localhost:7456
2018-09-05T06:50:50.079Z - normal: Start building with options : {
  "actualPlatform": "web-desktop",
  "apiLevel": "",
  "appABIs": [],
  "appKey": "",
  "appSecret": "",
  "buildPath": "C:\\Users\\Siyu\\Desktop\\cocos\\start_project\\build",
  "debug": false,
  "dest": "C:\\Users\\Siyu\\Desktop\\cocos\\start_project\\build\\web-desktop",
  "embedWebDebugger": false,
  "encryptJs": true,
  "excludeScenes": [],
  "excludedModules": [],
  "fb-instant-games": {},
  "includeAnySDK": false,
  "includeSDKBox": false,
  "inlineSpriteFrames": true,
  "inlineSpriteFrames_native": true,
  "jailbreakPlatform": false,
  "md5Cache": true,
  "mergeStartScene": false,
  "oauthLoginServer": "",
  "optimizeHotUpdate": false,
  "orientation": {
    "landscapeLeft": true,
    "landscapeRight": true,
    "portrait": false,
    "upsideDown": false
  },
  "packageName": "org.cocos2d.start_project",
  "platform": "web-desktop",
  "previewHeight": "720",
  "previewWidth": "1280",
  "privateKey": "",
  "qqplay": {
    "REMOTE_SERVER_ROOT": "",
    "orientation": "portrait"
  },
  "scenes": [
    "b4f94405-c8b2-44d1-9639-d40311a37722",
    "818a2031-c593-42c4-b176-b72e2971190c"
  ],
  "sourceMaps": false,
  "startScene": "b4f94405-c8b2-44d1-9639-d40311a37722",
  "template": "link",
  "title": "rem-fight",
  "useDebugKeystore": true,
  "vsVersion": "auto",
  "webOrientation": "auto",
  "wechatgame": {
    "REMOTE_SERVER_ROOT": "",
    "appid": "wx6ac3f5090a6b99c5",
    "isSubdomain": false,
    "orientation": "portrait",
    "subContext": ""
  },
  "xxteaKey": "7bb5650c-d563-44",
  "zipCompressJs": true,
  "project": "C:\\Users\\Siyu\\Desktop\\cocos\\start_project",
  "projectName": "rem-fight",
  "debugBuildWorker": false
}
2018-09-05T06:50:50.081Z - normal: Building C:\Users\Siyu\Desktop\cocos\start_project
2018-09-05T06:50:50.081Z - normal: Destination C:\Users\Siyu\Desktop\cocos\start_project\build\web-desktop
2018-09-05T06:50:50.446Z - normal: Delete C:\Users\Siyu\Desktop\cocos\start_project\build\web-desktop\**\*
2018-09-05T06:51:27.346Z - normal: Start building assets
2018-09-05T06:51:27.347Z - normal: Start spawn build-worker
2018-09-05T06:51:27.879Z - normal: Finish spawn build-worker
2018-09-05T06:51:27.879Z - normal: Start init build-worker
2018-09-05T06:51:30.107Z - normal: Finish init build-worker
2018-09-05T06:51:30.107Z - normal: Start build-assets in worker
2018-09-05T06:51:30.675Z - normal: Finish build-assets in worker
2018-09-05T06:51:30.683Z - normal: Finish building assets
2018-09-05T06:51:30.721Z - normal: Start building plugin scripts
2018-09-05T06:51:30.791Z - normal: Generating main.js from D:\CocosCreator\resources\static\build-templates\shares\main.js
2018-09-05T06:51:30.822Z - normal: Generating html from D:\CocosCreator\resources\static\build-templates\web-desktop\template\index.html
2018-09-05T06:51:31.225Z - normal: Built to "C:\Users\Siyu\Desktop\cocos\start_project\build\web-desktop" successfully
2018-09-05T06:53:00.780Z - normal: Start building with options : {
  "actualPlatform": "web-desktop",
  "apiLevel": "",
  "appABIs": [],
  "appKey": "",
  "appSecret": "",
  "buildPath": "C:\\Users\\Siyu\\Desktop\\cocos\\start_project\\build",
  "debug": false,
  "dest": "C:\\Users\\Siyu\\Desktop\\cocos\\start_project\\build\\web-desktop",
  "embedWebDebugger": false,
  "encryptJs": true,
  "excludeScenes": [],
  "excludedModules": [],
  "fb-instant-games": {},
  "includeAnySDK": false,
  "includeSDKBox": false,
  "inlineSpriteFrames": true,
  "inlineSpriteFrames_native": true,
  "jailbreakPlatform": false,
  "md5Cache": true,
  "mergeStartScene": false,
  "oauthLoginServer": "",
  "optimizeHotUpdate": false,
  "orientation": {
    "landscapeLeft": true,
    "landscapeRight": true,
    "portrait": false,
    "upsideDown": false
  },
  "packageName": "org.cocos2d.start_project",
  "platform": "web-desktop",
  "previewHeight": "720",
  "previewWidth": "1280",
  "privateKey": "",
  "qqplay": {
    "REMOTE_SERVER_ROOT": "",
    "orientation": "portrait"
  },
  "scenes": [
    "b4f94405-c8b2-44d1-9639-d40311a37722",
    "818a2031-c593-42c4-b176-b72e2971190c"
  ],
  "sourceMaps": false,
  "startScene": "b4f94405-c8b2-44d1-9639-d40311a37722",
  "template": "link",
  "title": "Rem-Fight",
  "useDebugKeystore": true,
  "vsVersion": "auto",
  "webOrientation": "auto",
  "wechatgame": {
    "REMOTE_SERVER_ROOT": "",
    "appid": "wx6ac3f5090a6b99c5",
    "isSubdomain": false,
    "orientation": "portrait",
    "subContext": ""
  },
  "xxteaKey": "7bb5650c-d563-44",
  "zipCompressJs": true,
  "project": "C:\\Users\\Siyu\\Desktop\\cocos\\start_project",
  "projectName": "Rem-Fight",
  "debugBuildWorker": false
}
2018-09-05T06:53:00.782Z - normal: Building C:\Users\Siyu\Desktop\cocos\start_project
2018-09-05T06:53:00.782Z - normal: Destination C:\Users\Siyu\Desktop\cocos\start_project\build\web-desktop
2018-09-05T06:53:00.783Z - normal: Delete C:\Users\Siyu\Desktop\cocos\start_project\build\web-desktop\**\*
2018-09-05T06:53:02.617Z - normal: Start building assets
2018-09-05T06:53:02.617Z - normal: Start spawn build-worker
2018-09-05T06:53:03.127Z - normal: Finish spawn build-worker
2018-09-05T06:53:03.127Z - normal: Start init build-worker
2018-09-05T06:53:05.232Z - normal: Finish init build-worker
2018-09-05T06:53:05.232Z - normal: Start build-assets in worker
2018-09-05T06:53:05.839Z - normal: Finish build-assets in worker
2018-09-05T06:53:05.844Z - normal: Finish building assets
2018-09-05T06:53:05.865Z - normal: Start building plugin scripts
2018-09-05T06:53:05.874Z - normal: Generating main.js from D:\CocosCreator\resources\static\build-templates\shares\main.js
2018-09-05T06:53:05.878Z - normal: Generating html from D:\CocosCreator\resources\static\build-templates\web-desktop\template\index.html
2018-09-05T06:53:06.229Z - normal: Built to "C:\Users\Siyu\Desktop\cocos\start_project\build\web-desktop" successfully
2018-09-05T07:39:43.000Z - info: shutdown preview server
